[18:15:29] [main/INFO]: Setting user: shavingfoam
[18:15:29] [main/INFO]: (Session ID is token:b6fac9890be24a588519ea401ab9ff96:bcfe68f960064551af8f8c087b18d855)
[18:15:30] [Client thread/INFO]: LWJGL Version: 2.9.1
[18:15:31] [Client thread/INFO]: Reloading ResourceManager: Default
[18:15:32] [Client thread/ERROR]: ########## GL ERROR ##########
[18:15:32] [Client thread/ERROR]: @ Pre startup
[18:15:32] [Client thread/ERROR]: 1281: Invalid value
[18:15:32] [Sound Library Loader/INFO]: Sound engine started
[18:15:35] [Client thread/INFO]: Created: 1024x512 textures/blocks-atlas
[18:15:35] [Client thread/INFO]: Created: 256x256 textures/items-atlas
[18:15:35] [Client thread/ERROR]: ########## GL ERROR ##########
[18:15:35] [Client thread/ERROR]: @ Post startup
[18:15:35] [Client thread/ERROR]: 1281: Invalid value
[18:15:37] [Client thread/ERROR]: ########## GL ERROR ##########
[18:15:37] [Client thread/ERROR]: @ Pre render
[18:15:37] [Client thread/ERROR]: 1281: Invalid value
[18:15:39] [Client thread/INFO]: Connecting to play.emc.gs., 25565
[18:15:42] [Client thread/INFO]: [CHAT] 
[18:15:42] [Client thread/INFO]: [CHAT]       
[18:15:42] [Client thread/INFO]: [CHAT]       
[18:15:42] [Client thread/INFO]: [CHAT]       
[18:15:42] [Client thread/INFO]: [CHAT] 
[18:15:42] [Client thread/INFO]: [CHAT] 
[18:15:42] [Client thread/INFO]: [CHAT] 
[18:15:42] [Client thread/INFO]: [CHAT] 
[18:15:42] [Client thread/INFO]: [CHAT] 
[18:15:42] [Client thread/INFO]: [CHAT] 
[18:15:42] [Client thread/INFO]: [CHAT] 
[18:15:42] [Client thread/INFO]: [CHAT]       
[18:15:42] [Client thread/INFO]: [CHAT]       
[18:15:42] [Client thread/INFO]: [CHAT] 
[18:15:42] [Client thread/INFO]: [CHAT]       
[18:15:42] [Client thread/INFO]: [CHAT] 
[18:15:42] [Client thread/INFO]: [CHAT] 
[18:15:42] [Client thread/INFO]: [CHAT] Welcome to Empire Minecraft - SMP5, shavingfoam!
[18:15:42] [Client thread/INFO]: [CHAT] 
[18:15:42] [Client thread/INFO]: [CHAT] Enjoy your 700 rupee sign-in bonus, Vote for over 1k more!
[18:15:42] [Client thread/INFO]: [CHAT] "Play Your Way" Settings System! [Click Here]
[18:15:42] [Client thread/INFO]: [CHAT]  Vote Info: Last Vote: 70 days, 8 hours - Bonus: 0
[18:15:42] [Client thread/INFO]: [CHAT]  Warning: It has been over 20 hours since you last voted. Vote every day to maintain vote bonus!
[18:15:42] [Client thread/INFO]: [CHAT]  Vote: http://vote.emc.gs - (Voting now hides vote broadcasts)
[18:15:42] [Client thread/INFO]: [CHAT]  Earn Tokens, Rupees, More Residences, Unbreakable Armor,
[18:15:42] [Client thread/INFO]: [CHAT]  Tools and more by Voting each day and increasing Bonus!
[18:15:42] [Client thread/INFO]: [CHAT]  [Voters Chest], [Voters Pickaxe], [Voters Shears], [Voters Fishing Rod] + more
[18:15:52] [Client thread/INFO]: [CHAT] Teleported!
[18:15:56] [Client thread/INFO]: [CHAT] T dee6983: hi Shaviingfoam :D
[18:15:56] [Client thread/INFO]: [CHAT] 22 players are connected to this server (smp5)
[18:15:56] [Client thread/INFO]: [CHAT] Staff (0): 
[18:15:56] [Client thread/INFO]: [CHAT] Supporters (2): beckham_caleb, shavingfoam
[18:15:56] [Client thread/INFO]: [CHAT] Regular (20): planetjoe101, saberwolf617, dee6983, Bananabri247, Cozmo18, Saint311, warlock3973, Animeboylover, EpicMinerMan321, TwinnieMom, GoldEye007, purplepickels523, richard835, Marktanion, DiamondGamerGurl, IL0veCupquake, josalynn9, Geli_Roll, Jaycen_Rigger, Katastrophe4
[18:15:56] [Client thread/INFO]: [CHAT] Guests in tutorial: 0
[18:15:58] [Client thread/INFO]: [CHAT] From DiamondGamerGurl: Haiii shavingfoam!
[18:16:01] [Client thread/INFO]: [CHAT] T shavingfoam: hey dee! :D
[18:16:04] [Client thread/INFO]: [CHAT] T dee6983: shavingfoam*
[18:16:05] [Client thread/INFO]: [CHAT] To DiamondGamerGurl: hey gamergurl! :D
[18:16:11] [Client thread/INFO]: [CHAT] T shavingfoam: that's better
[18:16:20] [Client thread/INFO]: [CHAT] T dee6983: :D
[18:16:26] [Client thread/INFO]: [CHAT] Could not find a saved location by name of chest
[18:16:29] [Client thread/INFO]: [CHAT]  ? Have a nice day! 
[18:16:29] [Client thread/INFO]: [CHAT]  ? Welcome to shavingfoam's Wood Shoppe! 
[18:16:29] [Client thread/INFO]: [CHAT] Teleported!
[18:16:34] [Client thread/INFO]: [CHAT] T Cozmo18: shaving foam
[18:16:35] [Client thread/INFO]: [CHAT] Teleported!
[18:16:37] [Client thread/INFO]: [CHAT] T Cozmo18: thank god your on
[18:16:41] [Client thread/INFO]: [CHAT] T shavingfoam: :D
[18:16:47] [Client thread/INFO]: [CHAT] T Cozmo18: i need xp bottles
[18:16:50] [Client thread/INFO]: [CHAT] T Cozmo18: your all out XD
[18:16:52] [Client thread/INFO]: [CHAT] T DiamondGamerGurl: Thank you God!
[18:16:56] [Client thread/INFO]: [CHAT] T shavingfoam: dang, sorry :(
[18:16:56] [Client thread/INFO]: [CHAT] T DiamondGamerGurl: lol
[18:16:59] [Client thread/INFO]: [CHAT] Teleported (still in the same residence)
[18:17:05] [Client thread/INFO]: [CHAT] T Cozmo18: its ok
[18:17:12] [Client thread/INFO]: [CHAT] T Jaycen_Rigger: where do you spend tokens?
[18:17:18] [Client thread/INFO]: [CHAT] T shavingfoam: i usually rely on suppliers for exp bottles
[18:17:22] [Client thread/INFO]: [CHAT] T dee6983: shavingfoam do u have 24 blocks of quartz in stock
[18:17:24] [Client thread/INFO]: [CHAT] T Cozmo18: ik you have alot to keep up with XD
[18:17:29] [Client thread/INFO]: [CHAT] T shavingfoam: no, sorry dee :(
[18:17:30] [Client thread/INFO]: [CHAT] T Cozmo18: suppliers?
[18:17:30] [Client thread/INFO]: [CHAT] ashbow14 has joined, last seen 22 hours, 39 minutes ago.
[18:17:40] [Client thread/INFO]: [CHAT] T shavingfoam: people who sell things to my shop
[18:17:43] [Client thread/INFO]: [CHAT] T dee6983: O_O
[18:17:43] [Client thread/INFO]: [CHAT] Teleported (still in the same residence)
[18:17:51] [Client thread/INFO]: [CHAT] T dee6983: u dont!!!
[18:18:06] [Client thread/INFO]: [CHAT] Teleported (still in the same residence)
[18:18:26] [Client thread/INFO]: [CHAT] SUNRISEBAGELS has joined, last seen 1 day, 17 hours ago.
[18:18:30] [Client thread/INFO]: [CHAT] Teleported!
[18:18:35] [Client thread/INFO]: [CHAT] T dee6983: please dont make me have to go to the nether
[18:18:43] [Client thread/INFO]: [CHAT] T shavingfoam: :(
[18:18:47] [Client thread/INFO]: [CHAT] Teleported!
[18:18:49] [Client thread/INFO]: [CHAT] Teleported (still in the same residence)
[18:18:54] [Client thread/INFO]: [CHAT] SUNRISEBAGELS has disconnected.
[18:19:09] [Client thread/INFO]: [CHAT] TwinnieMom has disconnected.
[18:19:23] [Client thread/INFO]: [CHAT] Teleported!
[18:19:25] [Client thread/INFO]: [CHAT] Teleported (still in the same residence)
[18:19:26] [Client thread/INFO]: [CHAT] dee6983 has disconnected.
[18:19:33] [Client thread/INFO]: [CHAT] dee6983 has joined, last seen 7 seconds ago.
[18:19:40] [Client thread/INFO]: [CHAT] mockingjgirl has joined, last seen 22 hours, 18 minutes ago.
[18:19:45] [Client thread/INFO]: [CHAT] T dee6983: wow what lagg i got
[18:19:57] [Client thread/INFO]: [CHAT] T dee6983: made me crash
[18:20:02] [Client thread/INFO]: [CHAT] Teleported!
[18:20:08] [Client thread/INFO]: [CHAT] Teleported (still in the same residence)
[18:20:14] [Client thread/INFO]: [CHAT] T shavingfoam: my res tends to do that
[18:20:32] [Client thread/INFO]: [CHAT] T Jaycen_Rigger: ?
[18:20:40] [Client thread/INFO]: [CHAT] T dee6983: its all the moving of the chunks
[18:20:54] [Client thread/INFO]: [CHAT] Teleported (still in the same residence)
[18:21:42] [Client thread/INFO]: [CHAT] T dee6983: ahh
[18:21:42] [Client thread/INFO]: [CHAT] Lilyrox55 has joined, last seen 20 hours, 48 minutes ago.
[18:21:53] [Client thread/INFO]: [CHAT] Teleported (still in the same residence)
[18:22:17] [Client thread/INFO]: [CHAT] dee6983 has disconnected.
[18:22:20] [Client thread/INFO]: [CHAT] dee6983 has joined, last seen moments ago.
[18:22:34] [Client thread/INFO]: [CHAT] TwinnieMom has joined, last seen 3 minutes, 25 seconds ago.
[18:22:57] [Client thread/INFO]: [CHAT] Teleported (still in the same residence)
[18:23:24] [Client thread/INFO]: [CHAT] dee6983 has disconnected.
[18:23:29] [Client thread/INFO]: [CHAT] dee6983 has joined, last seen 5 seconds ago.
[18:23:32] [Client thread/INFO]: [CHAT] mockingjgirl has disconnected.
[18:23:37] [Client thread/INFO]: [CHAT] Teleported!
[18:23:44] [Client thread/INFO]: [CHAT] mockingjgirl has joined, last seen moments ago.
[18:24:02] [Client thread/INFO]: [CHAT] moonwink has joined, last seen 4 days, 2 hours ago.
[18:24:08] [Client thread/INFO]: [CHAT] Teleported!
[18:24:22] [Client thread/INFO]: [CHAT] epicdigger10 has joined, last seen moments ago.
[18:24:33] [Client thread/INFO]: [CHAT] T epicdigger10: hey guys
[18:24:37] [Client thread/INFO]: [CHAT] T epicdigger10: im back
[18:24:39] [Client thread/INFO]: [CHAT] endergirl523 has joined, last seen moments ago.
[18:24:39] [Client thread/INFO]: [CHAT] T Animeboylover: hello
[18:24:41] [Client thread/INFO]: [CHAT] T Jaycen_Rigger: howdy
[18:24:42] [Client thread/INFO]: [CHAT] T shavingfoam: wb
[18:24:47] [Client thread/INFO]: [CHAT] T epicdigger10: shavingfoam! =D
[18:24:52] [Client thread/INFO]: [CHAT] T shavingfoam: hey! :D
[18:25:04] [Client thread/INFO]: [CHAT] T dee6983: shavingfoam do u have any running redstone on your res
[18:25:10] [Client thread/INFO]: [CHAT] T shavingfoam: nope
[18:25:11] [Client thread/INFO]: [CHAT] From endergirl523: hi dude
[18:25:16] [Client thread/INFO]: [CHAT] To endergirl523: hey endergirl! :D
[18:25:21] [Client thread/INFO]: [CHAT] T dee6983: because i keep crashing
[18:25:40] [Client thread/INFO]: [CHAT] T dee6983: im calling it the 10117 effect
[18:25:48] [Client thread/INFO]: [CHAT] T epicdigger10: lol
[18:25:50] [Client thread/INFO]: [CHAT] T shavingfoam: i like it
[18:26:04] [Client thread/INFO]: [CHAT] T dee6983: :D
[18:26:06] [Client thread/INFO]: [CHAT] T GoldEye007: hi shaving foam
[18:26:12] [Client thread/INFO]: [CHAT] moonwink has disconnected.
[18:26:14] [Client thread/INFO]: [CHAT] T shavingfoam: hey goldeye! :D
[18:26:22] [Client thread/INFO]: [CHAT] T epicdigger10: i call it the umm... crash place
[18:26:24] [Client thread/INFO]: [CHAT] T GoldEye007: i like your shop
[18:26:26] [Client thread/INFO]: [CHAT] T dee6983: or is it i only have a max of 9 fps
[18:26:28] [Client thread/INFO]: [CHAT] T shavingfoam: thanks!
[18:26:32] [Client thread/INFO]: [CHAT] T endergirl523: hi
[18:26:39] [Client thread/INFO]: [CHAT] T Katastrophe4: hi
[18:26:48] [Client thread/INFO]: [CHAT] T endergirl523: donation
[18:26:55] [Client thread/INFO]: [CHAT] T dee6983: i need more fps i only have 9
[18:27:01] [Client thread/INFO]: [CHAT] T epicdigger10: im at 110 frame ps and a lag spike now and then
[18:27:07] [Client thread/INFO]: [CHAT] T epicdigger10: *frams
[18:27:13] [Client thread/INFO]: [CHAT] T epicdigger10: *frames =(
[18:27:14] [Client thread/INFO]: [CHAT] mockingjgirl has disconnected.
[18:27:17] [Client thread/INFO]: [CHAT] T Katastrophe4: you know i have hoppers over there right
[18:27:20] [Client thread/INFO]: [CHAT] xXvexenXx has joined, last seen 11 hours, 24 minutes ago.
[18:27:26] [Client thread/INFO]: [CHAT] T dee6983: i crash to close to 10117
[18:27:27] [Client thread/INFO]: [CHAT] T endergirl523: ohhhhhhhh
[18:27:32] [Client thread/INFO]: [CHAT] Villager0 has joined, last seen moments ago.
[18:27:37] [Client thread/INFO]: [CHAT] Villager0 has disconnected.
[18:27:38] [Client thread/INFO]: [CHAT] T Cozmo18: shavingfoam did you get xp bottles?
[18:27:41] [Client thread/INFO]: [CHAT] T dee6983: shavingfoam wana buy 12 villagers
[18:27:46] [Client thread/INFO]: [CHAT] T shavingfoam: no and yes
[18:27:54] [Client thread/INFO]: [CHAT] beckham_caleb has disconnected.
[18:27:59] [Client thread/INFO]: [CHAT] T dee6983: please come to my res
[18:28:01] [Client thread/INFO]: [CHAT] mockingjgirl has joined, last seen 47 seconds ago.
[18:28:06] [Client thread/INFO]: [CHAT] HonniBonni has joined, last seen 1 day, 22 hours ago.
[18:28:11] [Client thread/INFO]: [CHAT] T endergirl523: gtg bye be on later probably
[18:28:19] [Client thread/INFO]: [CHAT] T Katastrophe4: bai
[18:28:27] [Client thread/INFO]: [CHAT] From epicdigger10: i have another present! =D
[18:28:31] [Client thread/INFO]: [CHAT] T endergirl523: see ya peeps!
[18:28:31] [Client thread/INFO]: [CHAT] T dee6983: i dont want to spend a hour tring to do it on 10117
[18:28:31] [Client thread/INFO]: [CHAT]  ? Have a nice day! 
[18:28:31] [Client thread/INFO]: [CHAT]  ? Welcome to dee6983's Residence
[18:28:31] [Client thread/INFO]: [CHAT] Teleported!
[18:28:35] [Client thread/INFO]: [CHAT] T shavingfoam: ok
[18:28:38] [Client thread/INFO]: [CHAT] To epicdigger10: O.O
[18:28:42] [Client thread/INFO]: [CHAT] From epicdigger10: look in your mailbox
[18:28:45] [Client thread/INFO]: [CHAT] endergirl523 has disconnected.
[18:28:47] [Client thread/INFO]: [CHAT] T shavingfoam: hanks
[18:28:49] [Client thread/INFO]: [CHAT] T shavingfoam: *thanks
[18:28:57] [Client thread/INFO]: [CHAT] T dee6983: hanks lol
[18:29:01] [Client thread/INFO]: [CHAT] You paid 240 rupees to dee6983
[18:29:05] [Client thread/INFO]: [CHAT]  ? Leaving dee6983's Residence
[18:29:05] [Client thread/INFO]: [CHAT]  ? Welcome to shavingfoam's shoppe! 
[18:29:05] [Client thread/INFO]: [CHAT] Teleported!
[18:29:18] [Client thread/INFO]: [CHAT] T epicdigger10: me has well grammar
[18:29:20] [Client thread/INFO]: [CHAT] To epicdigger10: lol thanks epic
[18:29:25] [Client thread/INFO]: [CHAT] From epicdigger10: np
[18:29:30] [Client thread/INFO]: [CHAT] T dee6983: i get so many r from a small 8x8 area
[18:29:36] [Client thread/INFO]: [CHAT] T epicdigger10: me can talk good
[18:29:48] [Client thread/INFO]: [CHAT] T xXvexenXx: hi all
[18:29:51] [Client thread/INFO]: [CHAT] T epicdigger10: hey
[18:29:54] [Client thread/INFO]: [CHAT] T dee6983: hi vexen
[18:29:57] [Client thread/INFO]: [CHAT] T IL0veCupquake: HAI :D
[18:30:02] [Client thread/INFO]: [CHAT]  ? July Community Appreciation Awards!
[18:30:02] [Client thread/INFO]: [CHAT]     Nominate Today! http://emc.gs/o
[18:30:02] [Client thread/INFO]: [CHAT]  ? Important Changes coming to Supporting the Empire Soon! Read and vote on price here: 
[18:30:02] [Client thread/INFO]: [CHAT]    http://emc.gs/supprice
[18:30:08] [Client thread/INFO]: [CHAT] Lilyrox55 has disconnected.
[18:30:08] [Client thread/INFO]: [CHAT] shawnzee123 has joined, last seen 22 hours, 4 minutes ago.
[18:30:29] [Client thread/INFO]: [CHAT] T dee6983: cool new skin
[18:30:33] [Client thread/INFO]: [CHAT]  ? Have a nice day! 
[18:30:33] [Client thread/INFO]: [CHAT]  ? Welcome to shavingfoam's Wood Shoppe! 
[18:30:33] [Client thread/INFO]: [CHAT] Teleported!
[18:30:34] [Client thread/INFO]: [CHAT] shawnzee123 has disconnected.
[18:30:39] [Client thread/INFO]: [CHAT] T Cozmo18: oh shit!
[18:30:41] [Client thread/INFO]: [CHAT] T Cozmo18: srry
[18:30:43] [Client thread/INFO]: [CHAT] T Cozmo18: wrong chat
[18:31:12] [Client thread/INFO]: [CHAT] T epicdigger10: 0-0
[18:31:30] [Client thread/INFO]: [CHAT] simonbarsinister has joined, last seen 3 days, 2 hours ago.
[18:31:30] [Client thread/INFO]: [CHAT] T dee6983: vexen can you sell me 24 quatz blocks?
[18:31:37] [Client thread/INFO]: [CHAT] T dee6983: quartz*
[18:31:40] [Client thread/INFO]: [CHAT] MrMcBeans037 has joined, last seen 2 days, 20 hours ago.
[18:31:43] [Client thread/INFO]: [CHAT] MrMcBeans037 has disconnected.
[18:31:48] [Client thread/INFO]: [CHAT] T xXvexenXx: they are 512r per 16
[18:31:52] [Client thread/INFO]: [CHAT] T GoldEye007: i have cheap shop if you want to come see
[18:32:00] [Client thread/INFO]: [CHAT] T dee6983: ok
[18:32:12] [Client thread/INFO]: [CHAT] T dee6983: ill get 32 then
[18:32:31] [Client thread/INFO]: [CHAT] T xXvexenXx: comet o head level plz
[18:32:36] [Client thread/INFO]: [CHAT] T dee6983: ok
[18:32:41] [Client thread/INFO]: [CHAT] simonbarsinister has disconnected.
[18:32:47] [Client thread/INFO]: [CHAT] EpicMinerMan321 bought 4 Apple for 16 rupees from you.
[18:32:47] [Client thread/INFO]: [CHAT] EpicMinerMan321 bought 4 Apple for 16 rupees from you.
[18:33:24] [Client thread/INFO]: [CHAT] HonniBonni has disconnected.
[18:33:26] [Client thread/INFO]: [CHAT] T dee6983: another admin's head i see
[18:33:29] [Client thread/INFO]: [CHAT] Animeboylover has disconnected.
[18:33:29] [Client thread/INFO]: [CHAT] HonniBonni has joined, last seen 5 seconds ago.
[18:33:43] [Client thread/INFO]: [CHAT] T xXvexenXx: yeppers, getting the collection going ;)
[18:34:08] [Client thread/INFO]: [CHAT] josalynn9 has disconnected.
[18:34:08] [Client thread/INFO]: [CHAT] T dee6983: not sure if 1 mil is worth it for a moderator's head
[18:34:14] [Client thread/INFO]: [CHAT] RandyAntonio has joined, last seen 9 hours, 14 minutes ago.
[18:34:20] [Client thread/INFO]: [CHAT] T shavingfoam: it is for torian's xD
[18:34:32] [Client thread/INFO]: [CHAT] T dee6983: thats what i mean
[18:34:38] [Client thread/INFO]: [CHAT] T xXvexenXx: it isnt his head, i now have part of his brain also :)
[18:34:51] [Client thread/INFO]: [CHAT] T dee6983: thats a bad thing
[18:34:53] [Client thread/INFO]: [CHAT] T xXvexenXx: if you rub his head, you get good luck
[18:35:04] [Client thread/INFO]: [CHAT] jjp360 has joined, last seen moments ago.
[18:35:12] [Client thread/INFO]: [CHAT] T jjp360: anyone interested in buying a freedom blade for 25k?
[18:35:15] [Client thread/INFO]: [CHAT] T dee6983: *runs over to tor's head*
[18:35:37] [Client thread/INFO]: [CHAT] T epicdigger10: first person to say epicdigger10 loves shovels and is epic will win 500 rupees
[18:35:38] [Client thread/INFO]: [CHAT] T EpicMinerMan321: vexen do you have pvp head drops on at smp6?
[18:35:54] [Client thread/INFO]: [CHAT] T xXvexenXx: i dont pvp
[18:35:54] [Client thread/INFO]: [CHAT] T epicdigger10: epicdigger10 loves shovels and is epic
[18:35:57] [Client thread/INFO]: [CHAT] T EpicMinerMan321: oh
[18:35:58] [Client thread/INFO]: [CHAT] T jjp360: epicdigger loves shovels and is epic
[18:35:59] [Client thread/INFO]: [CHAT] T epicdigger10: i did it! =D
[18:36:05] [Client thread/INFO]: [CHAT] T epicdigger10: 10
[18:36:06] [Client thread/INFO]: [CHAT] T dee6983: XD
[18:36:12] [Client thread/INFO]: [CHAT] RandyAntonio has disconnected.
[18:36:13] [Client thread/INFO]: [CHAT] T jjp360: i suppose thats not hard
[18:36:14] [Client thread/INFO]: [CHAT] T epicdigger10: dont forget the 10
[18:36:22] [Client thread/INFO]: [CHAT] T jjp360: epicdigger10 loves shovels and is epic
[18:36:28] [Client thread/INFO]: [CHAT] T epicdigger10: okay there ya go
[18:36:36] [Client thread/INFO]: [CHAT] T EpicMinerMan321: vexen do you play mobarena?
[18:36:41] [Client thread/INFO]: [CHAT] T jjp360: haha lol came on at the right time!~
[18:36:42] [Client thread/INFO]: [CHAT] elite_crafter918 has joined, last seen 21 hours, 27 minutes ago.
[18:37:11] [Client thread/INFO]: [CHAT] T dee6983: im next to aikar/maxaias yay
[18:37:30] [Client thread/INFO]: [CHAT] T GoldEye007: come check out new shop
[18:37:37] [Client thread/INFO]: [CHAT] Jaycen_Rigger has disconnected.
[18:37:51] [Client thread/INFO]: [CHAT] T xXvexenXx: still have a few spots left if you wanna donate your head to the wall
[18:38:00] [Client thread/INFO]: [CHAT] T epicdigger10: who wants a free stack of redstone?
[18:38:04] [Client thread/INFO]: [CHAT] T jjp360: i do!
[18:38:08] [Client thread/INFO]: [CHAT] T epicdigger10: okay
[18:38:09] [Client thread/INFO]: [CHAT] T dee6983: isnt aikaras rainbowchin's alt
[18:38:11] [Client thread/INFO]: [CHAT] T epicdigger10: come to my res
[18:38:18] [Client thread/INFO]: [CHAT] T dee6983: aiarias
[18:38:23] [Client thread/INFO]: [CHAT] T EpicMinerMan321: if you pay me 500r vexen i will go to pvp and collect tons of heads for you??
[18:38:26] [Client thread/INFO]: [CHAT] T GoldEye007: shop out here
[18:38:27] [Client thread/INFO]: [CHAT] T jjp360: thanks
[18:38:37] [Client thread/INFO]: [CHAT] T dee6983: aikarias
[18:38:38] [Client thread/INFO]: [CHAT] T jjp360: anymore redstone?
[18:38:43] [Client thread/INFO]: [CHAT] T EpicMinerMan321: you got coolblox's head?????????????????
[18:38:47] [Client thread/INFO]: [CHAT] T EpicMinerMan321: how???
[18:38:58] [Client thread/INFO]: [CHAT] T dee6983: eaasy
[18:39:02] [Client thread/INFO]: [CHAT]  ??? Reminder: You haven't voted today! 
[18:39:02] [Client thread/INFO]: [CHAT]  ? Get up to 1700 rupees per day and Diamonds/Emeralds!
[18:39:02] [Client thread/INFO]: [CHAT]  ? TIP: Vote every day to raise your vote score. Vote on multiple sites to get score increases faster!
[18:39:02] [Client thread/INFO]: [CHAT]  ? Soon high vote streaks will earn you extra Residences!
[18:39:02] [Client thread/INFO]: [CHAT]                Vote: http://vote.emc.gs
[18:39:03] [Client thread/INFO]: [CHAT] T DiamondGamerGurl: I have coolblox's head too
[18:39:16] [Client thread/INFO]: [CHAT] T EpicMinerMan321: he refuses to turn head drops on tho??
[18:39:23] [Client thread/INFO]: [CHAT] Teleported!
[18:39:27] [Client thread/INFO]: [CHAT] T GoldEye007: cheap
[18:39:30] [Client thread/INFO]: [CHAT] T Cozmo18: shavingfoam you at your res?
[18:39:30] [Client thread/INFO]: [CHAT] T DiamondGamerGurl: well i have them
[18:39:35] [Client thread/INFO]: [CHAT] T shavingfoam: yes, why?
[18:39:38] [Client thread/INFO]: [CHAT] T EpicMinerMan321: if you pay me 500r vexen i will go to pvp and collect tons of heads for you??
[18:39:38] [Client thread/INFO]: [CHAT] T DiamondGamerGurl: i have 10 of them
[18:39:42] [Client thread/INFO]: [CHAT] T Cozmo18: i need 4 ink sacs
[18:39:43] [Client thread/INFO]: [CHAT] jjp360 has disconnected.
[18:39:44] [Client thread/INFO]: [CHAT]  ? Have a nice day! 
[18:39:44] [Client thread/INFO]: [CHAT]  ? Welcome to shavingfoam's shoppe! 
[18:39:44] [Client thread/INFO]: [CHAT] Teleported!
[18:39:47] [Client thread/INFO]: [CHAT] T Cozmo18: i will be ther in a sec
[18:39:48] [Client thread/INFO]: Warning: Clientside chunk ticking took 514 ms
[18:39:52] [Client thread/INFO]: [CHAT] T dee6983: h_cat_5000 !!!
[18:39:53] [Client thread/INFO]: [CHAT] T shavingfoam: ok
[18:39:53] [Client thread/INFO]: [CHAT] T Cozmo18: i cant move when i get there
[18:39:54] [Client thread/INFO]: [CHAT] Teleported!
[18:39:55] [Client thread/INFO]: [CHAT] T Cozmo18: XD
[18:39:55] [Client thread/INFO]: [CHAT] T epicdigger10: http://www.minecraftskins.com/skin/3470484/epicdigger10-v3/ get my skin i made! =D =D =D =D
[18:39:55] [Client thread/INFO]: [CHAT] T xXvexenXx: im paying 250r per head that I dont have
[18:39:58] [Client thread/INFO]: [CHAT] Teleported!
[18:40:04] [Client thread/INFO]: [CHAT] CowMan18 has joined, last seen 46 minutes, 43 seconds ago.
[18:40:11] [Client thread/INFO]: [CHAT] T Cozmo18: thanks man
[18:40:13] [Client thread/INFO]: [CHAT] CowMan18 has disconnected.
[18:40:14] [Client thread/INFO]: [CHAT] T dee6983: ok :D
[18:40:20] [Client thread/INFO]: [CHAT] T DiamondGamerGurl: does that mean like animal heads also?
[18:40:20] [Client thread/INFO]: [CHAT] T EpicMinerMan321: ik but 500r for more than 2 would be a good deal
[18:40:20] [Client thread/INFO]: [CHAT] T Cozmo18: much appreciated
[18:40:22] [Client thread/INFO]: Warning: Clientside chunk ticking took 841 ms
[18:40:24] [Client thread/INFO]: [CHAT] elite_crafter918 has disconnected.
[18:40:25] [Client thread/INFO]: [CHAT] smog3 has joined, last seen 19 hours, 15 minutes ago.
[18:40:26] [Client thread/INFO]: [CHAT] T dee6983: staff heads or anyone
[18:40:27] [Client thread/INFO]: [CHAT] T GoldEye007: i will let someone kill me for my head if you pay me 200
[18:40:30] [Client thread/INFO]: Warning: Clientside chunk ticking took 502 ms
[18:40:30] [Client thread/INFO]: [CHAT] T shavingfoam: there you are
[18:40:33] [Client thread/INFO]: [CHAT] smog3 has disconnected.
[18:40:33] [Client thread/INFO]: [CHAT] T epicdigger10: who wants to pvp?
[18:40:34] [Client thread/INFO]: [CHAT] kaylee1214 has joined, last seen 1 hour, 7 minutes ago.
[18:40:38] [Client thread/INFO]: [CHAT] T Cozmo18: price?
[18:40:41] [Client thread/INFO]: [CHAT] T xXvexenXx: http://empireminecraft.com/threads/buying-any-and-all-unique-heads.41810/
[18:40:42] [Client thread/INFO]: [CHAT] From mockingjgirl: need anything?
[18:40:42] [Client thread/INFO]: [CHAT] T shavingfoam: 64r, please
[18:40:43] [Client thread/INFO]: [CHAT] T epicdigger10: who wants to pvp?
[18:40:49] [Client thread/INFO]: [CHAT] To mockingjgirl: pig eggs?
[18:40:52] [Client thread/INFO]: [CHAT] You just received 64 rupees from Cozmo18
[18:40:53] [Client thread/INFO]: [CHAT] T EpicMinerMan321: i have full enchanted sword and bow and potions making it hard to kill me and easy for me to get hea
[18:40:54] [Client thread/INFO]: [CHAT] From mockingjgirl: ok
[18:40:55] [Client thread/INFO]: [CHAT] T Cozmo18: thanks man
[18:40:57] [Client thread/INFO]: [CHAT] T EpicMinerMan321: heads
[18:40:59] [Client thread/INFO]: [CHAT] LadyJaye has joined, last seen moments ago.
[18:41:00] [Client thread/INFO]: [CHAT] T shavingfoam: you're welcome
[18:41:04] [Client thread/INFO]: [CHAT]  ? Have a nice day! 
[18:41:04] [Client thread/INFO]: [CHAT]  ? Welcome to mockingjgirl's Residence
[18:41:04] [Client thread/INFO]: [CHAT] Teleported!
[18:41:06] [Client thread/INFO]: [CHAT] T epicdigger10: but still
[18:41:08] [Client thread/INFO]: [CHAT] T epicdigger10: wanna pvp?
[18:41:09] [Client thread/INFO]: [CHAT] From mockingjgirl: i will get oyu some
[18:41:10] [Client thread/INFO]: [CHAT] LadyJaye has disconnected.
[18:41:14] [Client thread/INFO]: [CHAT] To mockingjgirl: thx
[18:41:22] [Client thread/INFO]: [CHAT] T EpicMinerMan321: i will pvp epic
[18:41:27] [Client thread/INFO]: [CHAT]  ? Leaving mockingjgirl's Residence
[18:41:27] [Client thread/INFO]: [CHAT] briannabug has joined, last seen 11 days, 21 hours ago.
[18:41:28] [Client thread/INFO]: [CHAT] T epicdigger10: okay
[18:41:29] [Client thread/INFO]: [CHAT]  ? Welcome to ashbow14's Residence
[18:41:30] [Client thread/INFO]: [CHAT] T EpicMinerMan321: lol epic vs epic
[18:41:30] [Client thread/INFO]: [CHAT] T epicdigger10: meet you there
[18:41:33] [Client thread/INFO]: [CHAT] T DiamondGamerGurl: xxvexenxx does it count animal heads too?
[18:41:33] [Client thread/INFO]: [CHAT] EpicMinerMan321 has disconnected.
[18:41:34] [Client thread/INFO]: [CHAT] T epicdigger10: =D
[18:41:36] [Client thread/INFO]: [CHAT] epicdigger10 has disconnected.
[18:41:52] [Client thread/INFO]: [CHAT] Katastrophe4 bought 1 Villager Egg for 25 rupees from you.
[18:41:52] [Client thread/INFO]: [CHAT] T xXvexenXx: no diamondgamergurl, sry ;)
[18:41:52] [Client thread/INFO]: [CHAT] Bananabri247 has disconnected.
[18:42:02] [Client thread/INFO]: [CHAT] T DiamondGamerGurl: okay i have one head for you
[18:42:05] [Client thread/INFO]: [CHAT] T dee6983: vexen i have 3 normal player heads
[18:42:15] [Client thread/INFO]: [CHAT] T dee6983: that you dont have
[18:42:15] [Client thread/INFO]: [CHAT] briannabug has disconnected.
[18:42:18] [Client thread/INFO]: [CHAT] Geli_Roll has disconnected.
[18:42:19] [Client thread/INFO]: [CHAT] mockingjgirl has disconnected.
[18:42:25] [Client thread/INFO]: [CHAT] Katastrophe4 bought 4 Cyan Dye for 16 rupees from you.
[18:42:31] [Client thread/INFO]: [CHAT] HonniBonni has disconnected.
[18:42:34] [Client thread/INFO]: [CHAT] Geli_Roll has joined, last seen 16 seconds ago.
[18:42:36] [Client thread/INFO]: [CHAT] HonniBonni has joined, last seen 5 seconds ago.
[18:42:43] [Client thread/INFO]: [CHAT] shawnmichael123 has joined, last seen 1 day, 22 hours ago.
[18:42:46] [Client thread/INFO]: [CHAT] From ashbow14: mock timed out
[18:42:52] [Client thread/INFO]: [CHAT] Byeforeverthe2nd has joined, last seen 10 hours, 29 minutes ago.
[18:42:54] [Client thread/INFO]: [CHAT] To ashbow14: oh ok, thanks
[18:42:57] [Client thread/INFO]: [CHAT] T dee6983: i could sell my raibowchin's if i need r
[18:43:08] [Client thread/INFO]: [CHAT] T dee6983: i could sell my raibowchin's head if i need r
[18:43:09] [Client thread/INFO]: [CHAT] Byeforeverthe2nd has disconnected.
[18:43:17] [Client thread/INFO]: [CHAT] T dee6983: hmm
[18:43:23] [Client thread/INFO]: [CHAT] GoldEye007 bought 1 Brewing Stand for 10 rupees from you.
[18:43:25] [Client thread/INFO]: [CHAT] GoldEye007 bought 3 Glass Bottle for 3 rupees from you.
[18:43:26] [Client thread/INFO]: [CHAT] GoldEye007 bought 3 Glass Bottle for 3 rupees from you.
[18:43:26] [Client thread/INFO]: [CHAT] GoldEye007 bought 3 Glass Bottle for 3 rupees from you.
[18:43:26] [Client thread/INFO]: [CHAT] T dee6983: yep im selling it
[18:43:27] [Client thread/INFO]: [CHAT] Geli_Roll has disconnected.
[18:43:27] [Client thread/INFO]: [CHAT] GoldEye007 bought 3 Glass Bottle for 3 rupees from you.
[18:43:28] [Client thread/INFO]: [CHAT]  ? Leaving ashbow14's Residence
[18:43:28] [Client thread/INFO]: [CHAT]  ? Welcome to shavingfoam's shoppe! 
[18:43:28] [Client thread/INFO]: [CHAT] Teleported!
[18:43:29] [Client thread/INFO]: [CHAT] GoldEye007 bought 16 Nether Stalk for 8 rupees from you.
[18:43:29] [Client thread/INFO]: [CHAT] GoldEye007 bought 16 Nether Stalk for 8 rupees from you.
[18:43:35] [Client thread/INFO]: [CHAT] Teleported!
[18:43:38] [Client thread/INFO]: [CHAT] GoldEye007 bought 4 Gunpowder for 12 rupees from you.
[18:43:38] [Client thread/INFO]: [CHAT] T dee6983: possbly
[18:43:39] [Client thread/INFO]: [CHAT] Geli_Roll has joined, last seen 11 seconds ago.
[18:43:46] [Client thread/INFO]: [CHAT] GoldEye007 bought 1 Ghast Tear for 60 rupees from you.
[18:43:48] [Client thread/INFO]: [CHAT] GoldEye007 bought 1 Ghast Tear for 60 rupees from you.
[18:43:48] [Client thread/INFO]: [CHAT] Teleported (still in the same residence)
[18:43:51] [Client thread/INFO]: [CHAT] GoldEye007 bought 8 Sugar for 4 rupees from you.
[18:43:52] [Client thread/INFO]: [CHAT] GoldEye007 bought 8 Sugar for 4 rupees from you.
[18:43:53] [Client thread/INFO]: Warning: Clientside chunk ticking took 534 ms
[18:43:55] [Client thread/INFO]: [CHAT] GoldEye007 bought 1 Golden Carrot for 15 rupees from you.
[18:43:56] [Client thread/INFO]: [CHAT] GoldEye007 bought 1 Golden Carrot for 15 rupees from you.
[18:43:57] [Client thread/INFO]: [CHAT] Teleported (still in the same residence)
[18:43:57] [Client thread/INFO]: [CHAT] GoldEye007 bought 1 Glistering Melon for 15 rupees from you.
[18:43:58] [Client thread/INFO]: [CHAT] GoldEye007 bought 1 Glistering Melon for 15 rupees from you.
[18:44:00] [Client thread/INFO]: [CHAT] GoldEye007 bought 1 Cauldron for 35 rupees from you.
[18:44:23] [Client thread/INFO]: [CHAT] T dee6983: vexen do u have rainbowchins head?
[18:44:33] [Client thread/INFO]: [CHAT] T xXvexenXx: not yet
[18:44:39] [Client thread/INFO]: [CHAT] GoldEye007 bought 1 Brewing Stand for 10 rupees from you.
[18:44:41] [Client thread/INFO]: [CHAT] GoldEye007 bought 1 Brewing Stand for 10 rupees from you.
[18:44:43] [Client thread/INFO]: [CHAT] GoldEye007 bought 1 Brewing Stand for 10 rupees from you.
[18:44:43] [Client thread/INFO]: [CHAT] Andrewmoose has joined, last seen 4 hours, 16 minutes ago.
[18:44:43] [Client thread/INFO]: [CHAT] GoldEye007 bought 1 Brewing Stand for 10 rupees from you.
[18:44:44] [Client thread/INFO]: [CHAT] GoldEye007 bought 1 Brewing Stand for 10 rupees from you.
[18:44:45] [Client thread/INFO]: [CHAT] GoldEye007 bought 1 Brewing Stand for 10 rupees from you.
[18:44:48] [Client thread/INFO]: [CHAT] salesman200 has joined, last seen moments ago.
[18:44:50] [Client thread/INFO]: [CHAT] GoldEye007 bought 1 Cauldron for 35 rupees from you.
[18:44:51] [Client thread/INFO]: [CHAT] GoldEye007 bought 1 Cauldron for 35 rupees from you.
[18:44:51] [Client thread/INFO]: [CHAT] T salesman200: ANOTHER One Man's Trash promotion! Get Max Heads, iDay Fireworks, Diamonds, and more! /v 413 buy
[18:44:52] [Client thread/INFO]: [CHAT] salesman200 has disconnected.
[18:45:02] [Client thread/INFO]: [CHAT]  ? Heat got you down from Mining? Get 50% more when buying rupees and supporting the Empire! 
[18:45:02] [Client thread/INFO]: [CHAT] This is our last sale! We will no longer sell rupees soon!
[18:45:02] [Client thread/INFO]: [CHAT]    http://rup.emc.gs/
[18:45:14] [Client thread/INFO]: [CHAT] T Andrewmoose: why
[18:45:41] [Client thread/INFO]: [CHAT] GoldEye007 has disconnected.
[18:45:43] [Client thread/INFO]: [CHAT] shawnmichael123 has disconnected.
[18:46:02] [Client thread/INFO]: [CHAT]  ? Planning an event on the Empire? Submit your event for placement on the Official Event Calendar by submitting a form to emc.gs/submitevent/
[18:46:02] [Client thread/INFO]: [CHAT]  ? Check out other member's events on our calendar under the Community tab on the website!
[18:46:23] [Client thread/INFO]: [CHAT] Teleported!
[18:46:28] [Client thread/INFO]: [CHAT] Teleported!
[18:46:37] [Client thread/INFO]: [CHAT] T kaylee1214: any one have a paying job i can do?
[18:46:42] [Client thread/INFO]: [CHAT] Teleported!
[18:46:43] [Client thread/INFO]: [CHAT] dgyoungren has joined, last seen 5 hours, 6 minutes ago.
[18:46:51] [Client thread/INFO]: [CHAT] mockingjgirl has joined, last seen 4 minutes, 32 seconds ago.
[18:47:12] [Client thread/INFO]: [CHAT]  ? Have a nice day! 
[18:47:12] [Client thread/INFO]: [CHAT] Teleported!
[18:47:14] [Client thread/INFO]: [CHAT] T dgyoungren: who can sell me stone brick
[18:47:24] [Client thread/INFO]: [CHAT]  ? Welcome to shavingfoam's Wood Shoppe! 
[18:47:24] [Client thread/INFO]: [CHAT] Teleported!
[18:47:28] [Client thread/INFO]: [CHAT] Teleported!
[18:47:28] [Client thread/INFO]: [CHAT] From mockingjgirl: i have 1 egg lol i will get you more
[18:47:28] [Client thread/INFO]: [CHAT] T kaylee1214: thanks cupquake (:
[18:47:36] [Client thread/INFO]: [CHAT] To mockingjgirl: lol ok
[18:47:42] [Client thread/INFO]: [CHAT] Jaycen_Rigger has joined, last seen 10 minutes, 5 seconds ago.
[18:47:55] [Client thread/INFO]: [CHAT] T IL0veCupquake: ur welcome :D
[18:48:23] [Client thread/INFO]: [CHAT]  ? Have a nice day! 
[18:48:23] [Client thread/INFO]: [CHAT]  ? Welcome to shavingfoam's shoppe! 
[18:48:23] [Client thread/INFO]: [CHAT] Teleported!
[18:48:31] [Client thread/INFO]: [CHAT] CowMan18 has joined, last seen moments ago.
[18:48:39] [Client thread/INFO]: [CHAT]  ? Have a nice day! 
[18:48:39] [Client thread/INFO]: [CHAT]  ? Welcome to shavingfoam's Wood Shoppe! 
[18:48:39] [Client thread/INFO]: [CHAT] Teleported!
[18:48:42] [Client thread/INFO]: [CHAT] kegan66 has joined, last seen 2 hours, 15 minutes ago.
[18:48:50] [Client thread/INFO]: [CHAT] Teleported!
[18:48:59] [Client thread/INFO]: [CHAT] kegan66 has disconnected.
[18:49:17] [Client thread/INFO]: [CHAT] shawnzee123 has joined, last seen 18 minutes, 43 seconds ago.
[18:49:31] [Client thread/INFO]: [CHAT] shawnzee123 has disconnected.
[18:49:59] [Client thread/INFO]: [CHAT] T kaylee1214: dgyoungren where areu
[18:50:16] [Client thread/INFO]: [CHAT] T kaylee1214: thats all i got
[18:50:19] [Client thread/INFO]: [CHAT] HonniBonni has disconnected.
[18:50:26] [Client thread/INFO]: [CHAT] T dgyoungren: thx that will help
[18:50:31] [Client thread/INFO]: [CHAT] T kaylee1214: np
[18:50:31] [Client thread/INFO]: [CHAT] T Katastrophe4: anyone wanna see my dogs
[18:50:51] [Client thread/INFO]: [CHAT] Teleported!
[18:50:56] [Client thread/INFO]: [CHAT] Teleported!
[18:51:08] [Client thread/INFO]: [CHAT] Teleported (still in the same residence)
[18:51:10] [Client thread/INFO]: [CHAT] T dgyoungren: how do u put maps on walls
[18:51:12] [Client thread/INFO]: [CHAT] Teleported (still in the same residence)
[18:51:18] [Client thread/INFO]: [CHAT] crabcakes200m has joined, last seen 14 minutes, 30 seconds ago.
[18:51:21] [Client thread/INFO]: [CHAT] T crabcakes200m: hey
[18:51:22] [Client thread/INFO]: [CHAT] Teleported (still in the same residence)
[18:51:25] [Client thread/INFO]: [CHAT] crabcakes200m has disconnected.
[18:51:33] [Client thread/INFO]: [CHAT] mockingjgirl has disconnected.
[18:51:42] [Client thread/INFO]: [CHAT] Teleported (still in the same residence)
[18:51:55] [Client thread/INFO]: [CHAT] mockingjgirl has joined, last seen moments ago.
[18:52:00] [Client thread/INFO]: [CHAT] Jaycen_Rigger has disconnected.
[18:52:01] [Client thread/INFO]: [CHAT] Teleported (still in the same residence)
[18:52:12] [Client thread/INFO]: [CHAT] Teleported!
[18:52:22] [Client thread/INFO]: [CHAT]  ? Have a nice day! 
[18:52:22] [Client thread/INFO]: [CHAT]  ? Welcome to shavingfoam's shoppe! 
[18:52:22] [Client thread/INFO]: [CHAT] Teleported!
[18:52:34] [Client thread/INFO]: [CHAT] Could not find a saved location by name of whea
[18:52:36] [Client thread/INFO]: [CHAT] Teleported!
[18:52:42] [Client thread/INFO]: [CHAT] Teleported!
[18:52:55] [Client thread/INFO]: [CHAT] Teleported!
[18:53:03] [Client thread/INFO]: [CHAT] Teleported!
[18:53:06] [Client thread/INFO]: [CHAT] Teleported (still in the same residence)
[18:53:07] [Client thread/INFO]: [CHAT] Teleported (still in the same residence)
[18:53:10] [Client thread/INFO]: Stopping!
